Compiling the C compiler identification source file "CMakeCCompilerId.c" failed.
Compiler: /home/carlos/Android/Sdk/ndk/r12b/toolchains/x86-4.9/prebuilt/linux-x86_64/bin/i686-linux-android-gcc 
Build flags: -g;-DANDROID;-ffunction-sections;-funwind-tables;-fstack-protector-strong;-no-canonical-prefixes;-Wa,--noexecstack;-Wformat;-Werror=format-security;-g;-DANDROID;-ffunction-sections;-funwind-tables;-fstack-protector-strong;-no-canonical-prefixes;-Wa,--noexecstack;-Wformat;-Werror=format-security;-D__GXX_EXPERIMENTAL_CXX0X__
Id flags:  

The output was:
1
/home/carlos/Android/Sdk/ndk/r12b/toolchains/x86-4.9/prebuilt/linux-x86_64/bin/../lib/gcc/i686-linux-android/4.9.x/../../../../i686-linux-android/bin/ld: error: cannot open crtbegin_dynamic.o: No such file or directory
/home/carlos/Android/Sdk/ndk/r12b/toolchains/x86-4.9/prebuilt/linux-x86_64/bin/../lib/gcc/i686-linux-android/4.9.x/../../../../i686-linux-android/bin/ld: error: cannot open crtend_android.o: No such file or directory
/home/carlos/Android/Sdk/ndk/r12b/toolchains/x86-4.9/prebuilt/linux-x86_64/bin/../lib/gcc/i686-linux-android/4.9.x/../../../../i686-linux-android/bin/ld: error: cannot find -lc
/home/carlos/Android/Sdk/ndk/r12b/toolchains/x86-4.9/prebuilt/linux-x86_64/bin/../lib/gcc/i686-linux-android/4.9.x/../../../../i686-linux-android/bin/ld: error: cannot find -ldl
collect2: error: ld returned 1 exit status


Compiling the CXX compiler identification source file "CMakeCXXCompilerId.cpp" failed.
Compiler: /home/carlos/Android/Sdk/ndk/r12b/toolchains/x86-4.9/prebuilt/linux-x86_64/bin/i686-linux-android-g++ 
Build flags: -g;-DANDROID;-ffunction-sections;-funwind-tables;-fstack-protector-strong;-no-canonical-prefixes;-Wa,--noexecstack;-Wformat;-Werror=format-security;-fno-exceptions;-fno-rtti;-g;-DANDROID;-ffunction-sections;-funwind-tables;-fstack-protector-strong;-no-canonical-prefixes;-Wa,--noexecstack;-Wformat;-Werror=format-security;-fno-exceptions;-fno-rtti;-fexceptions;-frtti
Id flags:  

The output was:
1
/home/carlos/Android/Sdk/ndk/r12b/toolchains/x86-4.9/prebuilt/linux-x86_64/bin/../lib/gcc/i686-linux-android/4.9.x/../../../../i686-linux-android/bin/ld: error: cannot open crtbegin_dynamic.o: No such file or directory
/home/carlos/Android/Sdk/ndk/r12b/toolchains/x86-4.9/prebuilt/linux-x86_64/bin/../lib/gcc/i686-linux-android/4.9.x/../../../../i686-linux-android/bin/ld: error: cannot open crtend_android.o: No such file or directory
/home/carlos/Android/Sdk/ndk/r12b/toolchains/x86-4.9/prebuilt/linux-x86_64/bin/../lib/gcc/i686-linux-android/4.9.x/../../../../i686-linux-android/bin/ld: error: cannot find -lstdc++
/home/carlos/Android/Sdk/ndk/r12b/toolchains/x86-4.9/prebuilt/linux-x86_64/bin/../lib/gcc/i686-linux-android/4.9.x/../../../../i686-linux-android/bin/ld: error: cannot find -lm
/home/carlos/Android/Sdk/ndk/r12b/toolchains/x86-4.9/prebuilt/linux-x86_64/bin/../lib/gcc/i686-linux-android/4.9.x/../../../../i686-linux-android/bin/ld: error: cannot find -lc
/home/carlos/Android/Sdk/ndk/r12b/toolchains/x86-4.9/prebuilt/linux-x86_64/bin/../lib/gcc/i686-linux-android/4.9.x/../../../../i686-linux-android/bin/ld: error: cannot find -ldl
collect2: error: ld returned 1 exit status


